{"C:\\Users\\Neo\\Desktop\\Microverse\\JavaScript-capstone-project\\src\\module\\DomUtilities.js": {"path":"C:\\Users\\Neo\\Desktop\\Microverse\\JavaScript-capstone-project\\src\\module\\DomUtilities.js","statementMap":{"0":{"start":{"line":2,"column":31},"end":{"line":6,"column":1}},"1":{"start":{"line":3,"column":13},"end":{"line":3,"column":44}},"2":{"start":{"line":5,"column":2},"end":{"line":5,"column":12}},"3":{"start":{"line":9,"column":32},"end":{"line":13,"column":1}},"4":{"start":{"line":10,"column":14},"end":{"line":10,"column":49}},"5":{"start":{"line":12,"column":2},"end":{"line":12,"column":13}},"6":{"start":{"line":16,"column":29},"end":{"line":20,"column":1}},"7":{"start":{"line":17,"column":18},"end":{"line":17,"column":53}},"8":{"start":{"line":19,"column":2},"end":{"line":19,"column":17}}},"fnMap":{"0":{"name":"(anonymous_0)","decl":{"start":{"line":2,"column":31},"end":{"line":2,"column":32}},"loc":{"start":{"line":2,"column":44},"end":{"line":6,"column":1}},"line":2},"1":{"name":"(anonymous_1)","decl":{"start":{"line":9,"column":32},"end":{"line":9,"column":33}},"loc":{"start":{"line":9,"column":46},"end":{"line":13,"column":1}},"line":9},"2":{"name":"(anonymous_2)","decl":{"start":{"line":16,"column":29},"end":{"line":16,"column":30}},"loc":{"start":{"line":16,"column":46},"end":{"line":20,"column":1}},"line":16}},"branchMap":{},"s":{"0":1,"1":0,"2":0,"3":1,"4":0,"5":0,"6":1,"7":0,"8":0},"f":{"0":0,"1":0,"2":0},"b":{},"_coverageSchema":"1a1c01bbd47fc00a2c39e90264f33305004495a9","hash":"d03752ee6993bdbcd7b4abd97ffa7cc91d69d440"}
,"C:\\Users\\Neo\\Desktop\\Microverse\\JavaScript-capstone-project\\src\\module\\commentCounter.js": {"path":"C:\\Users\\Neo\\Desktop\\Microverse\\JavaScript-capstone-project\\src\\module\\commentCounter.js","statementMap":{"0":{"start":{"line":4,"column":23},"end":{"line":14,"column":1}},"1":{"start":{"line":5,"column":25},"end":{"line":5,"column":58}},"2":{"start":{"line":6,"column":2},"end":{"line":6,"column":35}},"3":{"start":{"line":8,"column":2},"end":{"line":13,"column":3}},"4":{"start":{"line":9,"column":19},"end":{"line":9,"column":38}},"5":{"start":{"line":10,"column":4},"end":{"line":10,"column":45}},"6":{"start":{"line":12,"column":4},"end":{"line":12,"column":37}}},"fnMap":{"0":{"name":"(anonymous_0)","decl":{"start":{"line":4,"column":23},"end":{"line":4,"column":24}},"loc":{"start":{"line":4,"column":43},"end":{"line":14,"column":1}},"line":4}},"branchMap":{"0":{"loc":{"start":{"line":8,"column":2},"end":{"line":13,"column":3}},"type":"if","locations":[{"start":{"line":8,"column":2},"end":{"line":13,"column":3}},{"start":{"line":11,"column":9},"end":{"line":13,"column":3}}],"line":8}},"s":{"0":1,"1":5,"2":5,"3":5,"4":4,"5":4,"6":1},"f":{"0":5},"b":{"0":[4,1]},"_coverageSchema":"1a1c01bbd47fc00a2c39e90264f33305004495a9","hash":"40e536af142ef55b6cbe7b493efff173219d0a9f"}
,"C:\\Users\\Neo\\Desktop\\Microverse\\JavaScript-capstone-project\\src\\module\\utilities.js": {"path":"C:\\Users\\Neo\\Desktop\\Microverse\\JavaScript-capstone-project\\src\\module\\utilities.js","statementMap":{"0":{"start":{"line":3,"column":27},"end":{"line":10,"column":1}},"1":{"start":{"line":4,"column":2},"end":{"line":4,"column":35}},"2":{"start":{"line":5,"column":2},"end":{"line":5,"column":30}},"3":{"start":{"line":6,"column":2},"end":{"line":9,"column":11}},"4":{"start":{"line":7,"column":4},"end":{"line":7,"column":40}},"5":{"start":{"line":8,"column":4},"end":{"line":8,"column":29}},"6":{"start":{"line":12,"column":27},"end":{"line":27,"column":1}},"7":{"start":{"line":13,"column":22},"end":{"line":13,"column":54}},"8":{"start":{"line":14,"column":2},"end":{"line":26,"column":3}},"9":{"start":{"line":16,"column":6},"end":{"line":16,"column":51}},"10":{"start":{"line":17,"column":6},"end":{"line":17,"column":12}},"11":{"start":{"line":19,"column":6},"end":{"line":19,"column":49}},"12":{"start":{"line":20,"column":6},"end":{"line":20,"column":12}},"13":{"start":{"line":22,"column":6},"end":{"line":22,"column":48}},"14":{"start":{"line":23,"column":6},"end":{"line":23,"column":12}},"15":{"start":{"line":25,"column":6},"end":{"line":25,"column":12}},"16":{"start":{"line":29,"column":25},"end":{"line":29,"column":48}},"17":{"start":{"line":29,"column":36},"end":{"line":29,"column":48}}},"fnMap":{"0":{"name":"(anonymous_0)","decl":{"start":{"line":3,"column":27},"end":{"line":3,"column":28}},"loc":{"start":{"line":3,"column":60},"end":{"line":10,"column":1}},"line":3},"1":{"name":"(anonymous_1)","decl":{"start":{"line":6,"column":13},"end":{"line":6,"column":14}},"loc":{"start":{"line":6,"column":19},"end":{"line":9,"column":3}},"line":6},"2":{"name":"(anonymous_2)","decl":{"start":{"line":12,"column":27},"end":{"line":12,"column":28}},"loc":{"start":{"line":12,"column":49},"end":{"line":27,"column":1}},"line":12},"3":{"name":"(anonymous_3)","decl":{"start":{"line":29,"column":25},"end":{"line":29,"column":26}},"loc":{"start":{"line":29,"column":36},"end":{"line":29,"column":48}},"line":29}},"branchMap":{"0":{"loc":{"start":{"line":14,"column":2},"end":{"line":26,"column":3}},"type":"switch","locations":[{"start":{"line":15,"column":4},"end":{"line":17,"column":12}},{"start":{"line":18,"column":4},"end":{"line":20,"column":12}},{"start":{"line":21,"column":4},"end":{"line":23,"column":12}},{"start":{"line":24,"column":4},"end":{"line":25,"column":12}}],"line":14}},"s":{"0":1,"1":0,"2":0,"3":0,"4":0,"5":0,"6":1,"7":0,"8":0,"9":0,"10":0,"11":0,"12":0,"13":0,"14":0,"15":0,"16":1,"17":0},"f":{"0":0,"1":0,"2":0,"3":0},"b":{"0":[0,0,0,0]},"_coverageSchema":"1a1c01bbd47fc00a2c39e90264f33305004495a9","hash":"3ee5fcf933a78454c144951b12f2da18b0e75585"}
}
