TN:
SF:src\module\DomUtilities.js
FN:2,(anonymous_0)
FN:9,(anonymous_1)
FN:16,(anonymous_2)
FNF:3
FNH:0
FNDA:0,(anonymous_0)
FNDA:0,(anonymous_1)
FNDA:0,(anonymous_2)
DA:2,1
DA:3,0
DA:5,0
DA:9,1
DA:10,0
DA:12,0
DA:16,1
DA:17,0
DA:19,0
LF:9
LH:3
BRF:0
BRH:0
end_of_record
TN:
SF:src\module\commentCounter.js
FN:4,(anonymous_0)
FNF:1
FNH:1
FNDA:5,(anonymous_0)
DA:4,1
DA:5,5
DA:6,5
DA:8,5
DA:9,4
DA:10,4
DA:12,1
LF:7
LH:7
BRDA:8,0,0,4
BRDA:8,0,1,1
BRF:2
BRH:2
end_of_record
TN:
SF:src\module\utilities.js
FN:3,(anonymous_0)
FN:6,(anonymous_1)
FN:12,(anonymous_2)
FN:29,(anonymous_3)
FNF:4
FNH:0
FNDA:0,(anonymous_0)
FNDA:0,(anonymous_1)
FNDA:0,(anonymous_2)
FNDA:0,(anonymous_3)
DA:3,1
DA:4,0
DA:5,0
DA:6,0
DA:7,0
DA:8,0
DA:12,1
DA:13,0
DA:14,0
DA:16,0
DA:17,0
DA:19,0
DA:20,0
DA:22,0
DA:23,0
DA:25,0
DA:29,1
LF:17
LH:3
BRDA:14,0,0,0
BRDA:14,0,1,0
BRDA:14,0,2,0
BRDA:14,0,3,0
BRF:4
BRH:0
end_of_record
